INFO: [VRFC 10-2263] Analyzing SystemVerilog file "C:/Users/iones/Desktop/AMD/Binary_Calculator/Modules/Binary_Calculator/Binary_Calculator/Binary_Calculator.srcs/sources_1/new/ALU.sv" into library xil_defaultlib
INFO: [VRFC 10-311] analyzing module ALU
INFO: [VRFC 10-2263] Analyzing SystemVerilog file "C:/Users/iones/Desktop/AMD/Binary_Calculator/Modules/Binary_Calculator/Binary_Calculator/Binary_Calculator.srcs/sources_1/new/Concatenator.sv" into library xil_defaultlib
INFO: [VRFC 10-311] analyzing module Concatenator
INFO: [VRFC 10-2263] Analyzing SystemVerilog file "C:/Users/iones/Desktop/AMD/Binary_Calculator/Modules/Binary_Calculator/Binary_Calculator/Binary_Calculator.srcs/sources_1/new/Control_RW_Flow.sv" into library xil_defaultlib
INFO: [VRFC 10-311] analyzing module Control_RW_Flow
INFO: [VRFC 10-2263] Analyzing SystemVerilog file "C:/Users/iones/Desktop/AMD/Binary_Calculator/Modules/Binary_Calculator/Binary_Calculator/Binary_Calculator.srcs/sources_1/new/Controller.sv" into library xil_defaultlib
INFO: [VRFC 10-311] analyzing module Controller
INFO: [VRFC 10-2263] Analyzing SystemVerilog file "C:/Users/iones/Desktop/AMD/Binary_Calculator/Modules/Binary_Calculator/Binary_Calculator/Binary_Calculator.srcs/sources_1/new/DecInputKey.sv" into library xil_defaultlib
INFO: [VRFC 10-311] analyzing module DecInputKey
INFO: [VRFC 10-2263] Analyzing SystemVerilog file "C:/Users/iones/Desktop/AMD/Binary_Calculator/Modules/Binary_Calculator/Binary_Calculator/Binary_Calculator.srcs/sources_1/new/Eight_bit_adder.sv" into library xil_defaultlib
INFO: [VRFC 10-311] analyzing module Eight_bit_adder
INFO: [VRFC 10-2263] Analyzing SystemVerilog file "C:/Users/iones/Desktop/AMD/Binary_Calculator/Modules/Binary_Calculator/Binary_Calculator/Binary_Calculator.srcs/sources_1/new/Four_bit_adder.sv" into library xil_defaultlib
INFO: [VRFC 10-311] analyzing module Four_bit_adder
INFO: [VRFC 10-2263] Analyzing SystemVerilog file "C:/Users/iones/Desktop/AMD/Binary_Calculator/Modules/Binary_Calculator/Binary_Calculator/Binary_Calculator.srcs/sources_1/new/FrequencyDivider.sv" into library xil_defaultlib
INFO: [VRFC 10-311] analyzing module FrequencyDivider
INFO: [VRFC 10-2263] Analyzing SystemVerilog file "C:/Users/iones/Desktop/AMD/Binary_Calculator/Modules/Binary_Calculator/Binary_Calculator/Binary_Calculator.srcs/sources_1/new/Full_Adder.sv" into library xil_defaultlib
INFO: [VRFC 10-311] analyzing module Full_Adder
INFO: [VRFC 10-2263] Analyzing SystemVerilog file "C:/Users/iones/Desktop/AMD/Binary_Calculator/Modules/Binary_Calculator/Binary_Calculator/Binary_Calculator.srcs/sources_1/new/Memory.sv" into library xil_defaultlib
INFO: [VRFC 10-311] analyzing module Memory
INFO: [VRFC 10-2263] Analyzing SystemVerilog file "C:/Users/iones/Desktop/AMD/Binary_Calculator/Modules/Binary_Calculator/Binary_Calculator/Binary_Calculator.srcs/sources_1/new/Mux_32b.sv" into library xil_defaultlib
INFO: [VRFC 10-311] analyzing module Mux_32b
INFO: [VRFC 10-2263] Analyzing SystemVerilog file "C:/Users/iones/Desktop/AMD/Binary_Calculator/Modules/Binary_Calculator/Binary_Calculator/Binary_Calculator.srcs/sources_1/new/Mux_4b.sv" into library xil_defaultlib
INFO: [VRFC 10-311] analyzing module Mux_4b
INFO: [VRFC 10-2263] Analyzing SystemVerilog file "C:/Users/iones/Desktop/AMD/Binary_Calculator/Modules/Binary_Calculator/Binary_Calculator/Binary_Calculator.srcs/sources_1/new/Mux_8b.sv" into library xil_defaultlib
INFO: [VRFC 10-311] analyzing module Mux_8b
INFO: [VRFC 10-2263] Analyzing SystemVerilog file "C:/Users/iones/Desktop/AMD/Binary_Calculator/Modules/Binary_Calculator/Binary_Calculator/Binary_Calculator.srcs/sources_1/new/SerialTranceiver.sv" into library xil_defaultlib
INFO: [VRFC 10-311] analyzing module SerialTranceiver
INFO: [VRFC 10-2263] Analyzing SystemVerilog file "C:/Users/iones/Desktop/AMD/Binary_Calculator/Modules/Binary_Calculator/Binary_Calculator/Binary_Calculator.srcs/sources_1/new/Binary_Calculator.sv" into library xil_defaultlib
INFO: [VRFC 10-311] analyzing module Binary_Calculator
INFO: [VRFC 10-311] analyzing module tb_Binary_Calculator
